\BOOKMARK [1][-]{section.1}{Introduction}{}% 1
\BOOKMARK [1][-]{section.2}{Slide 4}{}% 2
\BOOKMARK [2][-]{subsection.2.1}{Technical Feedback}{section.2}% 3
\BOOKMARK [2][-]{subsection.2.2}{Possible Collaborators}{section.2}% 4
\BOOKMARK [2][-]{subsection.2.3}{Marketing Strategies}{section.2}% 5
\BOOKMARK [2][-]{subsection.2.4}{Nits}{section.2}% 6
\BOOKMARK [1][-]{section.3}{Slide 5}{}% 7
\BOOKMARK [2][-]{subsection.3.1}{Technical Feedback}{section.3}% 8
\BOOKMARK [2][-]{subsection.3.2}{Possible Collaborators}{section.3}% 9
\BOOKMARK [2][-]{subsection.3.3}{Marketing Strategies}{section.3}% 10
\BOOKMARK [2][-]{subsection.3.4}{Nits}{section.3}% 11
\BOOKMARK [1][-]{section.4}{Slides 7-13}{}% 12
\BOOKMARK [2][-]{subsection.4.1}{Technical Feedback}{section.4}% 13
\BOOKMARK [2][-]{subsection.4.2}{Possible Collaborators}{section.4}% 14
\BOOKMARK [2][-]{subsection.4.3}{Marketing Strategies}{section.4}% 15
\BOOKMARK [2][-]{subsection.4.4}{Nits}{section.4}% 16
\BOOKMARK [1][-]{section.5}{Slide 14}{}% 17
\BOOKMARK [2][-]{subsection.5.1}{Technical Feedback}{section.5}% 18
\BOOKMARK [2][-]{subsection.5.2}{Possible Collaborators}{section.5}% 19
\BOOKMARK [2][-]{subsection.5.3}{Marketing Strategies}{section.5}% 20
\BOOKMARK [2][-]{subsection.5.4}{Nits}{section.5}% 21
\BOOKMARK [1][-]{section.6}{Slide 17}{}% 22
\BOOKMARK [2][-]{subsection.6.1}{Technical Feedback}{section.6}% 23
\BOOKMARK [2][-]{subsection.6.2}{Possible Collaborators}{section.6}% 24
\BOOKMARK [2][-]{subsection.6.3}{Marketing Strategies}{section.6}% 25
\BOOKMARK [2][-]{subsection.6.4}{Nits}{section.6}% 26
\BOOKMARK [1][-]{section.7}{Slide 18}{}% 27
\BOOKMARK [2][-]{subsection.7.1}{Technical Feedback}{section.7}% 28
\BOOKMARK [2][-]{subsection.7.2}{Possible Collaborators}{section.7}% 29
\BOOKMARK [2][-]{subsection.7.3}{Marketing Strategies}{section.7}% 30
\BOOKMARK [2][-]{subsection.7.4}{Nits}{section.7}% 31
\BOOKMARK [1][-]{section.8}{Slide 20}{}% 32
\BOOKMARK [2][-]{subsection.8.1}{Technical Feedback}{section.8}% 33
\BOOKMARK [2][-]{subsection.8.2}{Possible Collaborators}{section.8}% 34
\BOOKMARK [2][-]{subsection.8.3}{Marketing Strategies}{section.8}% 35
\BOOKMARK [2][-]{subsection.8.4}{Nits}{section.8}% 36
\BOOKMARK [1][-]{section.9}{Slide 21}{}% 37
\BOOKMARK [2][-]{subsection.9.1}{Technical Feedback}{section.9}% 38
\BOOKMARK [2][-]{subsection.9.2}{Possible Collaborators}{section.9}% 39
\BOOKMARK [2][-]{subsection.9.3}{Marketing Strategies}{section.9}% 40
\BOOKMARK [2][-]{subsection.9.4}{Nits}{section.9}% 41
\BOOKMARK [1][-]{section.10}{Slide 23}{}% 42
\BOOKMARK [2][-]{subsection.10.1}{Technical Feedback}{section.10}% 43
\BOOKMARK [2][-]{subsection.10.2}{Possible Collaborators}{section.10}% 44
\BOOKMARK [2][-]{subsection.10.3}{Marketing Strategies}{section.10}% 45
\BOOKMARK [2][-]{subsection.10.4}{Nits}{section.10}% 46
\BOOKMARK [1][-]{section.11}{Slide 27}{}% 47
\BOOKMARK [2][-]{subsection.11.1}{Technical Feedback}{section.11}% 48
\BOOKMARK [2][-]{subsection.11.2}{Possible Collaborators}{section.11}% 49
\BOOKMARK [2][-]{subsection.11.3}{Marketing Strategies}{section.11}% 50
\BOOKMARK [2][-]{subsection.11.4}{Nits}{section.11}% 51
\BOOKMARK [1][-]{section.12}{Conclusions}{}% 52
