\BOOKMARK [1][-]{section.1}{Introduction}{}% 1
\BOOKMARK [2][-]{subsection.1.1}{Introductory Comments on Graph Neural Networks for the Routing}{section.1}% 2
\BOOKMARK [2][-]{subsection.1.2}{Comments on Routing Table Size as a Problem to Solve}{section.1}% 3
\BOOKMARK [1][-]{section.2}{Slide 2}{}% 4
\BOOKMARK [2][-]{subsection.2.1}{Technical Feedback}{section.2}% 5
\BOOKMARK [2][-]{subsection.2.2}{Possible Collaborators}{section.2}% 6
\BOOKMARK [2][-]{subsection.2.3}{Marketing Strategies}{section.2}% 7
\BOOKMARK [2][-]{subsection.2.4}{Nits}{section.2}% 8
\BOOKMARK [1][-]{section.3}{Slide 5}{}% 9
\BOOKMARK [2][-]{subsection.3.1}{Technical Feedback}{section.3}% 10
\BOOKMARK [2][-]{subsection.3.2}{Possible Collaborators}{section.3}% 11
\BOOKMARK [2][-]{subsection.3.3}{Marketing Strategies}{section.3}% 12
\BOOKMARK [2][-]{subsection.3.4}{Nits}{section.3}% 13
\BOOKMARK [1][-]{section.4}{Slide 6}{}% 14
\BOOKMARK [2][-]{subsection.4.1}{Technical Feedback}{section.4}% 15
\BOOKMARK [2][-]{subsection.4.2}{Possible Collaborators}{section.4}% 16
\BOOKMARK [2][-]{subsection.4.3}{Marketing Strategies}{section.4}% 17
\BOOKMARK [2][-]{subsection.4.4}{Nits}{section.4}% 18
\BOOKMARK [1][-]{section.5}{Slide 7}{}% 19
\BOOKMARK [2][-]{subsection.5.1}{Technical Feedback}{section.5}% 20
\BOOKMARK [2][-]{subsection.5.2}{Possible Collaborators}{section.5}% 21
\BOOKMARK [2][-]{subsection.5.3}{Marketing Strategies}{section.5}% 22
\BOOKMARK [2][-]{subsection.5.4}{Nits}{section.5}% 23
\BOOKMARK [1][-]{section.6}{Slide 8}{}% 24
\BOOKMARK [2][-]{subsection.6.1}{Technical Feedback}{section.6}% 25
\BOOKMARK [2][-]{subsection.6.2}{Possible Collaborators}{section.6}% 26
\BOOKMARK [2][-]{subsection.6.3}{Marketing Strategies}{section.6}% 27
\BOOKMARK [2][-]{subsection.6.4}{Nits}{section.6}% 28
\BOOKMARK [1][-]{section.7}{Slide 10}{}% 29
\BOOKMARK [2][-]{subsection.7.1}{Technical Feedback}{section.7}% 30
\BOOKMARK [3][-]{subsubsection.7.1.1}{Aside: Route vs. Reachibility}{subsection.7.1}% 31
\BOOKMARK [2][-]{subsection.7.2}{Possible Collaborators}{section.7}% 32
\BOOKMARK [2][-]{subsection.7.3}{Marketing Strategies}{section.7}% 33
\BOOKMARK [2][-]{subsection.7.4}{Nits}{section.7}% 34
\BOOKMARK [1][-]{section.8}{Summary \046 Conclusions}{}% 35
\BOOKMARK [2][-]{subsubsection.8.0.1}{Final Comments}{section.8}% 36
